#
# There is insufficient memory for the Java Runtime Environment to continue.
# Native memory allocation (mmap) failed to map 268435456 bytes. Error detail: committing reserved memory.
# Possible reasons:
#   The system is out of physical RAM or swap space
#   This process is running with CompressedOops enabled, and the Java Heap may be blocking the growth of the native heap
# Possible solutions:
#   Reduce memory load on the system
#   Increase physical memory or swap space
#   Check if swap backing store is full
#   Decrease Java heap size (-Xmx/-Xms)
#   Decrease number of Java threads
#   Decrease Java thread stack sizes (-Xss)
#   Set larger code cache with -XX:ReservedCodeCacheSize=
#   JVM is running with Unscaled Compressed Oops mode in which the Java heap is
#     placed in the first 4GB address space. The Java Heap base address is the
#     maximum limit for the native heap growth. Please use -XX:HeapBaseMinAddress
#     to set the Java Heap base and to place the Java Heap above 4GB virtual address.
# This output file may be truncated or incomplete.
#
#  Out of Memory Error (os_linux.cpp:2832), pid=998, tid=999
#
# JRE version:  (17.0.16+8) (build )
# Java VM: OpenJDK 64-Bit Server VM (17.0.16+8-Debian-1deb12u1, mixed mode, sharing, tiered, compressed oops, compressed class ptrs, serial gc, linux-amd64)
# No core dump will be written. Core dumps have been disabled. To enable core dumping, try "ulimit -c unlimited" before starting Java again
#

---------------  S U M M A R Y ------------

Command Line: -Xmx768m -Xms768m -Dscala.expandjavacp=true -Dscala.usejavacp=true -Dscala.home=/root/.sdkman/candidates/scala/current dotty.tools.MainGenericCompiler SumList.scala

Host: Intel(R) Xeon(R) Processor @ 2.50GHz, 2 cores, 512M, Debian GNU/Linux 12 (bookworm)
Time: Fri Oct 10 16:07:19 2025 UTC elapsed time: 0.095405 seconds (0d 0h 0m 0s)

---------------  T H R E A D  ---------------

Current thread (0x00007f2180017f80):  JavaThread "Unknown thread" [_thread_in_vm, id=999, stack(0x00007f2184b59000,0x00007f2184c59000)]

Stack: [0x00007f2184b59000,0x00007f2184c59000],  sp=0x00007f2184c57450,  free space=1017k
Native frames: (J=compiled Java code, j=interpreted, Vv=VM code, C=native code)
V  [libjvm.so+0xf21441]  VMError::report_and_die(int, char const*, char const*, __va_list_tag*, Thread*, unsigned char*, void*, void*, char const*, int, unsigned long)+0x171
V  [libjvm.so+0xf21fad]  VMError::report_and_die(Thread*, char const*, int, unsigned long, VMErrorType, char const*, __va_list_tag*)+0x2d
V  [libjvm.so+0x602fcc]  report_vm_out_of_memory(char const*, int, unsigned long, VMErrorType, char const*, ...)+0xdc
V  [libjvm.so+0xc298ba]  os::pd_commit_memory(char*, unsigned long, unsigned long, bool)+0xda
V  [libjvm.so+0xc2384d]  os::commit_memory(char*, unsigned long, unsigned long, bool)+0x1d
V  [libjvm.so+0xf19733]  VirtualSpace::expand_by(unsigned long, bool)+0xe3
V  [libjvm.so+0x79f159]  Generation::Generation(ReservedSpace, unsigned long)+0xc9
V  [libjvm.so+0x609729]  DefNewGeneration::DefNewGeneration(ReservedSpace, unsigned long, unsigned long, unsigned long, char const*)+0x49
V  [libjvm.so+0x79f8ef]  GenerationSpec::init(ReservedSpace, CardTableRS*)+0xbf
V  [libjvm.so+0x78ba23]  GenCollectedHeap::initialize()+0x1b3
V  [libjvm.so+0xeceb55]  universe_init()+0xd5
V  [libjvm.so+0x7fc236]  init_globals()+0x36
V  [libjvm.so+0xea5319]  Threads::create_vm(JavaVMInitArgs*, bool*)+0x2f9
V  [libjvm.so+0x8be5cf]  JNI_CreateJavaVM+0x4f
C  [libjli.so+0x389f]  JavaMain+0x8f
C  [libjli.so+0x7b49]  ThreadJavaMain+0x9


---------------  P R O C E S S  ---------------

Threads class SMR info:
_java_thread_list=0x00007f21862d44a0, length=0, elements={
}

Java Threads: ( => current thread )

Other Threads:

=>0x00007f2180017f80 (exited) JavaThread "Unknown thread" [_thread_in_vm, id=999, stack(0x00007f2184b59000,0x00007f2184c59000)]

Threads with active compile tasks:

VM state: not at safepoint (not fully initialized)

VM Mutex/Monitor currently owned by a thread: None

Heap address: 0x00000000d0000000, size: 768 MB, Compressed Oops mode: 32-bit

CDS archive(s) mapped at: [0x0000000000000000-0x0000000000000000-0x0000000000000000), size 0, SharedBaseAddress: 0x0000000800000000, ArchiveRelocationMode: 1.
Narrow klass base: 0x0000000000000000, Narrow klass shift: 0, Narrow klass range: 0x0

GC Precious Log:
<Empty>

Heap:

[error occurred during error reporting (printing heap information), id 0xb, SIGSEGV (0xb) at pc=0x00007f2185c4599a]

GC Heap History (0 events):
No events

Dll operation events (1 events):
Event: 0.041 Loaded shared library /usr/lib/jvm/java-17-openjdk-amd64/lib/libjava.so

Deoptimization events (0 events):
No events

Classes loaded (0 events):
No events

Classes unloaded (0 events):
No events

Classes redefined (0 events):
No events

Internal exceptions (0 events):
No events

VM Operations (0 events):
No events

Memory protections (1 events):
Event: 0.038 Protecting memory [0x00007f2184b59000,0x00007f2184b5d000] with protection modes 0

Nmethod flushes (0 events):
No events

Events (0 events):
No events


Dynamic libraries:
e0000000-100000000 ---p 00000000 00:00 0 
55762e787000-55762e788000 r--p 00000000 00:25 13485                      /usr/lib/jvm/java-17-openjdk-amd64/bin/java
55762e788000-55762e789000 r-xp 00001000 00:25 13485                      /usr/lib/jvm/java-17-openjdk-amd64/bin/java
55762e789000-55762e78a000 r--p 00002000 00:25 13485                      /usr/lib/jvm/java-17-openjdk-amd64/bin/java
55762e78a000-55762e78b000 r--p 00002000 00:25 13485                      /usr/lib/jvm/java-17-openjdk-amd64/bin/java
55762e78b000-55762e78c000 rw-p 00003000 00:25 13485                      /usr/lib/jvm/java-17-openjdk-amd64/bin/java
55762ef66000-55762efad000 rw-p 00000000 00:00 0                          [heap]
7f216954d000-7f21697bd000 rwxp 00000000 00:00 0 
7f21697bd000-7f2170a85000 ---p 00000000 00:00 0 
7f2170a85000-7f2170cf5000 rwxp 00000000 00:00 0 
7f2170cf5000-7f2171014000 ---p 00000000 00:00 0 
7f2171014000-7f2171284000 rwxp 00000000 00:00 0 
7f2171284000-7f217854d000 ---p 00000000 00:00 0 
7f217854d000-7f2180000000 r--s 00000000 00:25 13833                      /usr/lib/jvm/java-17-openjdk-amd64/lib/modules
7f2180000000-7f218003b000 rw-p 00000000 00:00 0 
7f218003b000-7f2184000000 ---p 00000000 00:00 0 
7f21843df000-7f21847c0000 rw-p 00000000 00:00 0 
7f21847c0000-7f2184940000 ---p 00000000 00:00 0 
7f2184940000-7f2184946000 rw-p 00000000 00:00 0 
7f2184946000-7f2184a2c000 ---p 00000000 00:00 0 
7f2184a2c000-7f2184a31000 rw-p 00000000 00:00 0 
7f2184a31000-7f2184b17000 ---p 00000000 00:00 0 
7f2184b17000-7f2184b1c000 rw-p 00000000 00:00 0 
7f2184b1c000-7f2184b23000 ---p 00000000 00:00 0 
7f2184b23000-7f2184b2f000 r--p 00000000 00:25 13809                      /usr/lib/jvm/java-17-openjdk-amd64/lib/libjava.so
7f2184b2f000-7f2184b40000 r-xp 0000c000 00:25 13809                      /usr/lib/jvm/java-17-openjdk-amd64/lib/libjava.so
7f2184b40000-7f2184b46000 r--p 0001d000 00:25 13809                      /usr/lib/jvm/java-17-openjdk-amd64/lib/libjava.so
7f2184b46000-7f2184b47000 r--p 00022000 00:25 13809                      /usr/lib/jvm/java-17-openjdk-amd64/lib/libjava.so
7f2184b47000-7f2184b48000 rw-p 00023000 00:25 13809                      /usr/lib/jvm/java-17-openjdk-amd64/lib/libjava.so
7f2184b48000-7f2184b49000 rw-p 00000000 00:00 0 
7f2184b49000-7f2184b51000 rw-s 00000000 fe:00 524722                     /tmp/hsperfdata_root/998
7f2184b51000-7f2184b53000 r--p 00000000 00:25 13813                      /usr/lib/jvm/java-17-openjdk-amd64/lib/libjimage.so
7f2184b53000-7f2184b56000 r-xp 00002000 00:25 13813                      /usr/lib/jvm/java-17-openjdk-amd64/lib/libjimage.so
7f2184b56000-7f2184b57000 r--p 00005000 00:25 13813                      /usr/lib/jvm/java-17-openjdk-amd64/lib/libjimage.so
7f2184b57000-7f2184b58000 r--p 00006000 00:25 13813                      /usr/lib/jvm/java-17-openjdk-amd64/lib/libjimage.so
7f2184b58000-7f2184b59000 rw-p 00007000 00:25 13813                      /usr/lib/jvm/java-17-openjdk-amd64/lib/libjimage.so
7f2184b59000-7f2184b5d000 ---p 00000000 00:00 0 
7f2184b5d000-7f2184c59000 rw-p 00000000 00:00 0 
7f2184c59000-7f2184c5c000 r--p 00000000 00:25 17958                      /usr/lib/x86_64-linux-gnu/libgcc_s.so.1
7f2184c5c000-7f2184c73000 r-xp 00003000 00:25 17958                      /usr/lib/x86_64-linux-gnu/libgcc_s.so.1
7f2184c73000-7f2184c77000 r--p 0001a000 00:25 17958                      /usr/lib/x86_64-linux-gnu/libgcc_s.so.1
7f2184c77000-7f2184c78000 r--p 0001d000 00:25 17958                      /usr/lib/x86_64-linux-gnu/libgcc_s.so.1
7f2184c78000-7f2184c79000 rw-p 0001e000 00:25 17958                      /usr/lib/x86_64-linux-gnu/libgcc_s.so.1
7f2184c79000-7f2184c89000 r--p 00000000 00:25 18057                      /usr/lib/x86_64-linux-gnu/libm.so.6
7f2184c89000-7f2184cfd000 r-xp 00010000 00:25 18057                      /usr/lib/x86_64-linux-gnu/libm.so.6
7f2184cfd000-7f2184d57000 r--p 00084000 00:25 18057                      /usr/lib/x86_64-linux-gnu/libm.so.6
7f2184d57000-7f2184d58000 r--p 000dd000 00:25 18057                      /usr/lib/x86_64-linux-gnu/libm.so.6
7f2184d58000-7f2184d59000 rw-p 000de000 00:25 18057                      /usr/lib/x86_64-linux-gnu/libm.so.6
7f2184d59000-7f2184df2000 r--p 00000000 00:25 18224                      /usr/lib/x86_64-linux-gnu/libstdc++.so.6.0.30
7f2184df2000-7f2184ef3000 r-xp 00099000 00:25 18224                      /usr/lib/x86_64-linux-gnu/libstdc++.so.6.0.30
7f2184ef3000-7f2184f62000 r--p 0019a000 00:25 18224                      /usr/lib/x86_64-linux-gnu/libstdc++.so.6.0.30
7f2184f62000-7f2184f6d000 r--p 00209000 00:25 18224                      /usr/lib/x86_64-linux-gnu/libstdc++.so.6.0.30
7f2184f6d000-7f2184f70000 rw-p 00214000 00:25 18224                      /usr/lib/x86_64-linux-gnu/libstdc++.so.6.0.30
7f2184f70000-7f2184f73000 rw-p 00000000 00:00 0 
7f2184f73000-7f21851c4000 r--p 00000000 00:25 13845                      /usr/lib/jvm/java-17-openjdk-amd64/lib/server/libjvm.so
7f21851c4000-7f2185f16000 r-xp 00251000 00:25 13845                      /usr/lib/jvm/java-17-openjdk-amd64/lib/server/libjvm.so
7f2185f16000-7f2186197000 r--p 00fa3000 00:25 13845                      /usr/lib/jvm/java-17-openjdk-amd64/lib/server/libjvm.so
7f2186197000-7f218624f000 r--p 01224000 00:25 13845                      /usr/lib/jvm/java-17-openjdk-amd64/lib/server/libjvm.so
7f218624f000-7f2186284000 rw-p 012dc000 00:25 13845                      /usr/lib/jvm/java-17-openjdk-amd64/lib/server/libjvm.so
7f2186284000-7f21862e0000 rw-p 00000000 00:00 0 
7f21862e0000-7f2186306000 r--p 00000000 00:25 17847                      /usr/lib/x86_64-linux-gnu/libc.so.6
7f2186306000-7f218645c000 r-xp 00026000 00:25 17847                      /usr/lib/x86_64-linux-gnu/libc.so.6
7f218645c000-7f21864af000 r--p 0017c000 00:25 17847                      /usr/lib/x86_64-linux-gnu/libc.so.6
7f21864af000-7f21864b3000 r--p 001cf000 00:25 17847                      /usr/lib/x86_64-linux-gnu/libc.so.6
7f21864b3000-7f21864b5000 rw-p 001d3000 00:25 17847                      /usr/lib/x86_64-linux-gnu/libc.so.6
7f21864b5000-7f21864c2000 rw-p 00000000 00:00 0 
7f21864c2000-7f21864c4000 r--p 00000000 00:25 13814                      /usr/lib/jvm/java-17-openjdk-amd64/lib/libjli.so
7f21864c4000-7f21864cd000 r-xp 00002000 00:25 13814                      /usr/lib/jvm/java-17-openjdk-amd64/lib/libjli.so
7f21864cd000-7f21864d0000 r--p 0000b000 00:25 13814                      /usr/lib/jvm/java-17-openjdk-amd64/lib/libjli.so
7f21864d0000-7f21864d1000 r--p 0000d000 00:25 13814                      /usr/lib/jvm/java-17-openjdk-amd64/lib/libjli.so
7f21864d1000-7f21864d2000 rw-p 0000e000 00:25 13814                      /usr/lib/jvm/java-17-openjdk-amd64/lib/libjli.so
7f21864d2000-7f21864d5000 r--p 00000000 00:25 1006                       /usr/lib/x86_64-linux-gnu/libz.so.1.2.13
7f21864d5000-7f21864e8000 r-xp 00003000 00:25 1006                       /usr/lib/x86_64-linux-gnu/libz.so.1.2.13
7f21864e8000-7f21864ef000 r--p 00016000 00:25 1006                       /usr/lib/x86_64-linux-gnu/libz.so.1.2.13
7f21864ef000-7f21864f0000 r--p 0001c000 00:25 1006                       /usr/lib/x86_64-linux-gnu/libz.so.1.2.13
7f21864f0000-7f21864f1000 rw-p 0001d000 00:25 1006                       /usr/lib/x86_64-linux-gnu/libz.so.1.2.13
7f21864f5000-7f21864f6000 ---p 00000000 00:00 0 
7f21864f6000-7f21864f7000 r--p 00000000 00:00 0 
7f21864f7000-7f21864f8000 ---p 00000000 00:00 0 
7f21864f8000-7f21864fa000 rw-p 00000000 00:00 0 
7f21864fa000-7f21864fb000 r--p 00000000 00:25 17633                      /usr/lib/x86_64-linux-gnu/ld-linux-x86-64.so.2
7f21864fb000-7f2186521000 r-xp 00001000 00:25 17633                      /usr/lib/x86_64-linux-gnu/ld-linux-x86-64.so.2
7f2186521000-7f218652b000 r--p 00027000 00:25 17633                      /usr/lib/x86_64-linux-gnu/ld-linux-x86-64.so.2
7f218652b000-7f218652d000 r--p 00031000 00:25 17633                      /usr/lib/x86_64-linux-gnu/ld-linux-x86-64.so.2
7f218652d000-7f218652f000 rw-p 00033000 00:25 17633                      /usr/lib/x86_64-linux-gnu/ld-linux-x86-64.so.2
7ffecd7d3000-7ffecd7f4000 rw-p 00000000 00:00 0                          [stack]
7ffecd7f6000-7ffecd7f9000 r--p 00000000 00:00 0                          [vvar]
7ffecd7f9000-7ffecd7fb000 r-xp 00000000 00:00 0                          [vdso]
ffffffffff600000-ffffffffff601000 r-xp 00000000 00:00 0                  [vsyscall]


VM Arguments:
jvm_args: -Xmx768m -Xms768m -Dscala.expandjavacp=true -Dscala.usejavacp=true -Dscala.home=/root/.sdkman/candidates/scala/current 
java_command: dotty.tools.MainGenericCompiler SumList.scala
java_class_path (initial): /root/.sdkman/candidates/scala/current/lib/scala.jar:/root/.sdkman/candidates/scala/current/lib/with_compiler.jar
Launcher Type: SUN_STANDARD

[Global flags]
     intx CICompilerCount                          = 2                                         {product} {ergonomic}
   size_t InitialHeapSize                          = 805306368                                 {product} {command line}
   size_t MaxHeapSize                              = 805306368                                 {product} {command line}
   size_t MaxNewSize                               = 268435456                                 {product} {ergonomic}
   size_t MinHeapDeltaBytes                        = 196608                                    {product} {ergonomic}
   size_t MinHeapSize                              = 805306368                                 {product} {command line}
   size_t NewSize                                  = 268435456                                 {product} {ergonomic}
    uintx NonNMethodCodeHeapSize                   = 5826188                                {pd product} {ergonomic}
    uintx NonProfiledCodeHeapSize                  = 122916026                              {pd product} {ergonomic}
   size_t OldSize                                  = 536870912                                 {product} {ergonomic}
    uintx ProfiledCodeHeapSize                     = 122916026                              {pd product} {ergonomic}
    uintx ReservedCodeCacheSize                    = 251658240                              {pd product} {ergonomic}
     bool SegmentedCodeCache                       = true                                      {product} {ergonomic}
   size_t SoftMaxHeapSize                          = 805306368                              {manageable} {ergonomic}
     bool UseCompressedClassPointers               = true                           {product lp64_product} {ergonomic}
     bool UseCompressedOops                        = true                           {product lp64_product} {ergonomic}
     bool UseSerialGC                              = true                                      {product} {ergonomic}

Logging:
Log output configuration:
 #0: stdout all=warning uptime,level,tags
 #1: stderr all=off uptime,level,tags

Environment Variables:
JAVA_HOME=/usr/lib/jvm/java-17-openjdk-amd64
PATH=/root/.sdkman/candidates/scala/current/bin:/usr/local/sbin:/usr/local/bin:/usr/sbin:/usr/bin:/sbin:/bin
SHELL=/bin/bash
LANG=C.UTF-8
LC_ALL=C.UTF-8
TERM=tmux-256color

Active Locale:
LC_ALL=C
LC_COLLATE=C
LC_CTYPE=C
LC_MESSAGES=C
LC_MONETARY=C
LC_NUMERIC=C
LC_TIME=C

Signal Handlers:
   SIGSEGV: crash_handler in libjvm.so, mask=11100100010111111101111111111110, flags=SA_RESTART|SA_SIGINFO, unblocked
    SIGBUS: crash_handler in libjvm.so, mask=11100100010111111101111111111110, flags=SA_RESTART|SA_SIGINFO, unblocked
    SIGFPE: crash_handler in libjvm.so, mask=11100100010111111101111111111110, flags=SA_RESTART|SA_SIGINFO, unblocked
   SIGPIPE: javaSignalHandler in libjvm.so, mask=11100100010111111101111111111110, flags=SA_RESTART|SA_SIGINFO, blocked
   SIGXFSZ: javaSignalHandler in libjvm.so, mask=11100100010111111101111111111110, flags=SA_RESTART|SA_SIGINFO, blocked
    SIGILL: crash_handler in libjvm.so, mask=11100100010111111101111111111110, flags=SA_RESTART|SA_SIGINFO, unblocked
   SIGUSR2: SR_handler in libjvm.so, mask=00000000000000000000000000000000, flags=SA_RESTART|SA_SIGINFO, blocked
    SIGHUP: SIG_DFL, mask=00000000000000000000000000000000, flags=none, blocked
    SIGINT: SIG_DFL, mask=00000000000000000000000000000000, flags=none, blocked
   SIGTERM: SIG_DFL, mask=00000000000000000000000000000000, flags=none, blocked
   SIGQUIT: UserHandler in libjvm.so, mask=11100100010111111101111111111110, flags=SA_RESTART|SA_SIGINFO, blocked
   SIGTRAP: crash_handler in libjvm.so, mask=11100100010111111101111111111110, flags=SA_RESTART|SA_SIGINFO, unblocked


Periodic native trim disabled


---------------  S Y S T E M  ---------------

OS:
PRETTY_NAME="Debian GNU/Linux 12 (bookworm)"
NAME="Debian GNU/Linux"
VERSION_ID="12"
VERSION="12 (bookworm)"
VERSION_CODENAME=bookworm
ID=debian
HOME_URL="https://www.debian.org/"
SUPPORT_URL="https://www.debian.org/support"
BUG_REPORT_URL="https://bugs.debian.org/"
uname: Linux 4.19.91-c8dfc93.al7.x86_64 #1 SMP Tue Sep 26 10:25:51 UTC 2023 x86_64
OS uptime: 0 days 0:01 hours
libc: glibc 2.36 NPTL 2.36 
rlimit (soft/hard): STACK 8192k/infinity , CORE 0k/0k , NPROC 1024/1024 , NOFILE 100000/100000 , AS infinity/infinity , CPU infinity/infinity , DATA infinity/infinity , FSIZE infinity/infinity , MEMLOCK 64k/64k
load average: 0.72 0.22 0.08

/proc/meminfo:
MemTotal:         546884 kB
MemFree:            5712 kB
MemAvailable:     246400 kB
Buffers:            1720 kB
Cached:           232388 kB
SwapCached:            0 kB
Active:           340568 kB
Inactive:         151836 kB
Active(anon):     258352 kB
Inactive(anon):       16 kB
Active(file):      82216 kB
Inactive(file):   151820 kB
Unevictable:           0 kB
Mlocked:               0 kB
SwapTotal:             0 kB
SwapFree:              0 kB
Dirty:             15736 kB
Writeback:             0 kB
AnonPages:        258408 kB
Mapped:            19788 kB
Shmem:                36 kB
Slab:              29232 kB
SReclaimable:      18344 kB
SUnreclaim:        10888 kB
KernelStack:        1488 kB
PageTables:         1512 kB
NFS_Unstable:          0 kB
Bounce:                0 kB
WritebackTmp:          0 kB
CommitLimit:      273440 kB
Committed_AS:     494644 kB
VmallocTotal:   34359738367 kB
VmallocUsed:           0 kB
VmallocChunk:          0 kB
Percpu:              400 kB
AnonHugePages:         0 kB
ShmemHugePages:        0 kB
ShmemPmdMapped:        0 kB
HugePages_Total:       0
HugePages_Free:        0
HugePages_Rsvd:        0
HugePages_Surp:        0
Hugepagesize:       2048 kB
Hugetlb:               0 kB
DirectMap4k:        8192 kB
DirectMap2M:      950272 kB
DirectMap1G:           0 kB

/sys/kernel/mm/transparent_hugepage/enabled: always madvise [never]
/sys/kernel/mm/transparent_hugepage/hpage_pmd_size: 2097152
/sys/kernel/mm/transparent_hugepage/defrag (defrag/compaction efforts parameter): always defer defer+madvise madvise [never]

Process Memory:
Virtual Size: 995780K (peak: 1253952K)
Resident Set Size: 17092K (peak: 17092K) (anon: 5700K, file: 11392K, shmem: 0K)
Swapped out: 0K
C-Heap outstanding allocations: 4375K, retained: 136K
glibc malloc tunables: (default)

/proc/sys/kernel/threads-max (system-wide limit on the number of threads): 1129
/proc/sys/vm/max_map_count (maximum number of memory map areas a process may have): 65530
/proc/sys/vm/swappiness (control to define how aggressively the kernel swaps out anonymous memory): 60
/proc/sys/kernel/pid_max (system-wide limit on number of process identifiers): 32768

container (cgroup) information:
container_type: cgroupv1
cpu_cpuset_cpus: 0-1
cpu_memory_nodes: 0
active_processor_count: 2
cpu_quota: no quota
cpu_period: 100000
cpu_shares: 4096
memory_limit_in_bytes: 524288 k
memory_and_swap_limit_in_bytes: unlimited
memory_soft_limit_in_bytes: unlimited
memory_usage_in_bytes: 503432 k
memory_max_usage_in_bytes: 506212 k
kernel_memory_limit_in_bytes: unlimited
kernel_memory_usage_in_bytes: 19640 k
kernel_memory_max_usage_in_bytes: 26160 k
maximum number of tasks: unlimited
current number of tasks: 12

KVM virtualization detected
Steal ticks since vm start: 7
Steal ticks percentage since vm start:  0.048

CPU: total 2 (initial active 2) (2 cores per cpu, 1 threads per core) family 6 model 85 stepping 7 microcode 0x1, cx8, cmov, fxsr, mmx, 3dnowpref, sse, sse2, sse3, ssse3, sse4.1, sse4.2, popcnt, lzcnt, tsc, tscinvbit, avx, avx2, aes, erms, clmul, bmi1, bmi2, adx, avx512f, avx512dq, avx512cd, avx512bw, avx512vl, fma, vzeroupper, avx512_vnni, clflush, clflushopt, clwb, hv
CPU Model and flags from /proc/cpuinfo:
model name	: Intel(R) Xeon(R) Processor @ 2.50GHz
flags		: fpu vme de pse tsc msr pae mce cx8 apic sep mtrr pge mca cmov pat pse36 clflush mmx fxsr sse sse2 ss ht syscall nx pdpe1gb rdtscp lm constant_tsc rep_good nopl xtopology nonstop_tsc cpuid tsc_known_freq pni pclmulqdq ssse3 fma cx16 pcid sse4_1 sse4_2 x2apic movbe popcnt tsc_deadline_timer aes xsave avx f16c rdrand hypervisor lahf_lm abm 3dnowprefetch cpuid_fault invpcid_single ssbd ibrs ibpb stibp ibrs_enhanced fsgsbase tsc_adjust bmi1 avx2 smep bmi2 erms invpcid mpx avx512f avx512dq rdseed adx smap clflushopt clwb avx512cd avx512bw avx512vl xsaveopt xsavec xgetbv1 xsaves umip avx512_vnni md_clear arch_capabilities

Online cpus: 0-1
Offline cpus: 
BIOS frequency limitation: <Not Available>
Frequency switch latency (ns): <Not Available>
Available cpu frequencies: <Not Available>
Current governor: <Not Available>
Core performance/turbo boost: <Not Available>

Memory: 4k page, physical 524288k(20856k free), swap 0k(0k free)
Page Sizes: 4k

vm_info: OpenJDK 64-Bit Server VM (17.0.16+8-Debian-1deb12u1) for linux-amd64 JRE (17.0.16+8-Debian-1deb12u1), built on Aug 11 2025 10:28:33 by "buildd" with gcc 12.2.0

END.
